{"/Users/sahilbhola/Desktop/soft/Software-Engineering-Project/src/server.js": {"path":"/Users/sahilbhola/Desktop/soft/Software-Engineering-Project/src/server.js","statementMap":{"0":{"start":{"line":1,"column":16},"end":{"line":1,"column":34}},"1":{"start":{"line":2,"column":15},"end":{"line":2,"column":39}},"2":{"start":{"line":3,"column":22},"end":{"line":3,"column":53}},"3":{"start":{"line":4,"column":24},"end":{"line":4,"column":57}},"4":{"start":{"line":7,"column":14},"end":{"line":7,"column":23}},"5":{"start":{"line":8,"column":2},"end":{"line":8,"column":26}},"6":{"start":{"line":9,"column":2},"end":{"line":9,"column":26}},"7":{"start":{"line":10,"column":2},"end":{"line":10,"column":40}},"8":{"start":{"line":11,"column":2},"end":{"line":11,"column":44}},"9":{"start":{"line":14,"column":0},"end":{"line":14,"column":21}}},"fnMap":{},"branchMap":{},"s":{"0":3,"1":3,"2":3,"3":3,"4":3,"5":3,"6":3,"7":3,"8":3,"9":3},"f":{},"b":{},"_coverageSchema":"1a1c01bbd47fc00a2c39e90264f33305004495a9","hash":"462fe35abd4489ed092df6233da54fdae4c694d1"}
,"/Users/sahilbhola/Desktop/soft/Software-Engineering-Project/src/middleware/user.js": {"path":"/Users/sahilbhola/Desktop/soft/Software-Engineering-Project/src/middleware/user.js","statementMap":{"0":{"start":{"line":1,"column":37},"end":{"line":1,"column":57}},"1":{"start":{"line":2,"column":11},"end":{"line":2,"column":31}},"2":{"start":{"line":3,"column":13},"end":{"line":3,"column":20}},"3":{"start":{"line":4,"column":15},"end":{"line":4,"column":34}},"4":{"start":{"line":7,"column":2},"end":{"line":12,"column":3}},"5":{"start":{"line":8,"column":17},"end":{"line":8,"column":47}},"6":{"start":{"line":9,"column":4},"end":{"line":9,"column":15}},"7":{"start":{"line":11,"column":4},"end":{"line":11,"column":45}},"8":{"start":{"line":16,"column":2},"end":{"line":23,"column":3}},"9":{"start":{"line":17,"column":17},"end":{"line":17,"column":57}},"10":{"start":{"line":18,"column":4},"end":{"line":18,"column":21}},"11":{"start":{"line":19,"column":4},"end":{"line":19,"column":51}},"12":{"start":{"line":19,"column":15},"end":{"line":19,"column":51}},"13":{"start":{"line":20,"column":4},"end":{"line":20,"column":15}},"14":{"start":{"line":22,"column":4},"end":{"line":22,"column":51}},"15":{"start":{"line":27,"column":2},"end":{"line":37,"column":3}},"16":{"start":{"line":28,"column":18},"end":{"line":28,"column":23}},"17":{"start":{"line":29,"column":17},"end":{"line":29,"column":39}},"18":{"start":{"line":30,"column":4},"end":{"line":33,"column":5}},"19":{"start":{"line":31,"column":6},"end":{"line":31,"column":61}},"20":{"start":{"line":32,"column":6},"end":{"line":32,"column":30}},"21":{"start":{"line":34,"column":4},"end":{"line":34,"column":28}},"22":{"start":{"line":36,"column":4},"end":{"line":36,"column":58}},"23":{"start":{"line":41,"column":2},"end":{"line":47,"column":3}},"24":{"start":{"line":42,"column":26},"end":{"line":42,"column":69}},"25":{"start":{"line":43,"column":23},"end":{"line":43,"column":63}},"26":{"start":{"line":44,"column":4},"end":{"line":44,"column":38}},"27":{"start":{"line":46,"column":4},"end":{"line":46,"column":56}},"28":{"start":{"line":52,"column":2},"end":{"line":57,"column":3}},"29":{"start":{"line":53,"column":18},"end":{"line":53,"column":55}},"30":{"start":{"line":54,"column":4},"end":{"line":54,"column":16}},"31":{"start":{"line":56,"column":4},"end":{"line":56,"column":56}},"32":{"start":{"line":61,"column":2},"end":{"line":72,"column":3}},"33":{"start":{"line":62,"column":17},"end":{"line":62,"column":54}},"34":{"start":{"line":63,"column":4},"end":{"line":69,"column":5}},"35":{"start":{"line":65,"column":6},"end":{"line":65,"column":74}},"36":{"start":{"line":65,"column":68},"end":{"line":65,"column":74}},"37":{"start":{"line":66,"column":6},"end":{"line":66,"column":39}},"38":{"start":{"line":67,"column":6},"end":{"line":67,"column":23}},"39":{"start":{"line":68,"column":6},"end":{"line":68,"column":17}},"40":{"start":{"line":71,"column":4},"end":{"line":71,"column":56}},"41":{"start":{"line":76,"column":2},"end":{"line":98,"column":3}},"42":{"start":{"line":77,"column":24},"end":{"line":85,"column":5}},"43":{"start":{"line":86,"column":4},"end":{"line":93,"column":5}},"44":{"start":{"line":87,"column":6},"end":{"line":88,"column":63}},"45":{"start":{"line":88,"column":8},"end":{"line":88,"column":63}},"46":{"start":{"line":91,"column":6},"end":{"line":91,"column":73}},"47":{"start":{"line":91,"column":27},"end":{"line":91,"column":73}},"48":{"start":{"line":92,"column":6},"end":{"line":92,"column":26}},"49":{"start":{"line":94,"column":4},"end":{"line":94,"column":21}},"50":{"start":{"line":95,"column":4},"end":{"line":95,"column":15}},"51":{"start":{"line":97,"column":4},"end":{"line":97,"column":65}},"52":{"start":{"line":101,"column":0},"end":{"line":108,"column":1}}},"fnMap":{"0":{"name":"Create","decl":{"start":{"line":6,"column":15},"end":{"line":6,"column":21}},"loc":{"start":{"line":6,"column":29},"end":{"line":13,"column":1}},"line":6},"1":{"name":"findEmail","decl":{"start":{"line":15,"column":15},"end":{"line":15,"column":24}},"loc":{"start":{"line":15,"column":33},"end":{"line":24,"column":1}},"line":15},"2":{"name":"findUserCredential","decl":{"start":{"line":26,"column":15},"end":{"line":26,"column":33}},"loc":{"start":{"line":26,"column":52},"end":{"line":38,"column":1}},"line":26},"3":{"name":"checkUserExist","decl":{"start":{"line":40,"column":15},"end":{"line":40,"column":29}},"loc":{"start":{"line":40,"column":48},"end":{"line":48,"column":1}},"line":40},"4":{"name":"getUserDetails","decl":{"start":{"line":51,"column":15},"end":{"line":51,"column":29}},"loc":{"start":{"line":51,"column":35},"end":{"line":58,"column":1}},"line":51},"5":{"name":"modifyFunds","decl":{"start":{"line":60,"column":15},"end":{"line":60,"column":26}},"loc":{"start":{"line":60,"column":40},"end":{"line":73,"column":1}},"line":60},"6":{"name":"modifyDetails","decl":{"start":{"line":75,"column":15},"end":{"line":75,"column":28}},"loc":{"start":{"line":75,"column":45},"end":{"line":99,"column":1}},"line":75}},"branchMap":{"0":{"loc":{"start":{"line":19,"column":4},"end":{"line":19,"column":51}},"type":"if","locations":[{"start":{"line":19,"column":4},"end":{"line":19,"column":51}},{"start":{},"end":{}}],"line":19},"1":{"loc":{"start":{"line":30,"column":4},"end":{"line":33,"column":5}},"type":"if","locations":[{"start":{"line":30,"column":4},"end":{"line":33,"column":5}},{"start":{},"end":{}}],"line":30},"2":{"loc":{"start":{"line":63,"column":4},"end":{"line":69,"column":5}},"type":"if","locations":[{"start":{"line":63,"column":4},"end":{"line":69,"column":5}},{"start":{},"end":{}}],"line":63},"3":{"loc":{"start":{"line":65,"column":6},"end":{"line":65,"column":74}},"type":"if","locations":[{"start":{"line":65,"column":6},"end":{"line":65,"column":74}},{"start":{},"end":{}}],"line":65},"4":{"loc":{"start":{"line":65,"column":10},"end":{"line":65,"column":66}},"type":"binary-expr","locations":[{"start":{"line":65,"column":10},"end":{"line":65,"column":20}},{"start":{"line":65,"column":24},"end":{"line":65,"column":66}}],"line":65},"5":{"loc":{"start":{"line":87,"column":6},"end":{"line":88,"column":63}},"type":"if","locations":[{"start":{"line":87,"column":6},"end":{"line":88,"column":63}},{"start":{},"end":{}}],"line":87},"6":{"loc":{"start":{"line":91,"column":6},"end":{"line":91,"column":73}},"type":"if","locations":[{"start":{"line":91,"column":6},"end":{"line":91,"column":73}},{"start":{},"end":{}}],"line":91}},"s":{"0":3,"1":3,"2":3,"3":3,"4":1,"5":1,"6":1,"7":0,"8":1,"9":1,"10":1,"11":1,"12":0,"13":1,"14":0,"15":1,"16":1,"17":1,"18":1,"19":1,"20":1,"21":0,"22":0,"23":1,"24":1,"25":1,"26":1,"27":0,"28":5,"29":5,"30":5,"31":0,"32":2,"33":2,"34":2,"35":2,"36":0,"37":2,"38":2,"39":2,"40":0,"41":0,"42":0,"43":0,"44":0,"45":0,"46":0,"47":0,"48":0,"49":0,"50":0,"51":0,"52":3},"f":{"0":1,"1":1,"2":1,"3":1,"4":5,"5":2,"6":0},"b":{"0":[0,1],"1":[1,0],"2":[2,0],"3":[0,2],"4":[2,0],"5":[0,0],"6":[0,0]},"_coverageSchema":"1a1c01bbd47fc00a2c39e90264f33305004495a9","hash":"b129559b7c3c58adc5e87074603de7e2305393b6"}
,"/Users/sahilbhola/Desktop/soft/Software-Engineering-Project/src/middleware/userHolding.js": {"path":"/Users/sahilbhola/Desktop/soft/Software-Engineering-Project/src/middleware/userHolding.js","statementMap":{"0":{"start":{"line":1,"column":37},"end":{"line":1,"column":57}},"1":{"start":{"line":2,"column":11},"end":{"line":2,"column":31}},"2":{"start":{"line":3,"column":20},"end":{"line":3,"column":35}},"3":{"start":{"line":4,"column":13},"end":{"line":4,"column":30}},"4":{"start":{"line":8,"column":2},"end":{"line":17,"column":3}},"5":{"start":{"line":9,"column":21},"end":{"line":13,"column":6}},"6":{"start":{"line":14,"column":4},"end":{"line":14,"column":19}},"7":{"start":{"line":16,"column":4},"end":{"line":16,"column":64}},"8":{"start":{"line":20,"column":2},"end":{"line":54,"column":3}},"9":{"start":{"line":21,"column":21},"end":{"line":25,"column":6}},"10":{"start":{"line":28,"column":23},"end":{"line":28,"column":25}},"11":{"start":{"line":29,"column":4},"end":{"line":50,"column":5}},"12":{"start":{"line":30,"column":22},"end":{"line":30,"column":47}},"13":{"start":{"line":31,"column":17},"end":{"line":31,"column":40}},"14":{"start":{"line":32,"column":21},"end":{"line":32,"column":45}},"15":{"start":{"line":33,"column":26},"end":{"line":33,"column":41}},"16":{"start":{"line":36,"column":6},"end":{"line":36,"column":42}},"17":{"start":{"line":36,"column":34},"end":{"line":36,"column":42}},"18":{"start":{"line":38,"column":6},"end":{"line":49,"column":7}},"19":{"start":{"line":39,"column":8},"end":{"line":39,"column":66}},"20":{"start":{"line":40,"column":8},"end":{"line":40,"column":51}},"21":{"start":{"line":41,"column":8},"end":{"line":43,"column":45}},"22":{"start":{"line":45,"column":8},"end":{"line":45,"column":36}},"23":{"start":{"line":46,"column":8},"end":{"line":46,"column":65}},"24":{"start":{"line":47,"column":8},"end":{"line":47,"column":50}},"25":{"start":{"line":48,"column":8},"end":{"line":48,"column":55}},"26":{"start":{"line":51,"column":4},"end":{"line":51,"column":23}},"27":{"start":{"line":53,"column":4},"end":{"line":53,"column":64}},"28":{"start":{"line":59,"column":2},"end":{"line":72,"column":3}},"29":{"start":{"line":60,"column":18},"end":{"line":65,"column":6}},"30":{"start":{"line":66,"column":4},"end":{"line":66,"column":16}},"31":{"start":{"line":68,"column":4},"end":{"line":71,"column":5}},"32":{"start":{"line":76,"column":2},"end":{"line":81,"column":3}},"33":{"start":{"line":77,"column":24},"end":{"line":77,"column":61}},"34":{"start":{"line":78,"column":4},"end":{"line":78,"column":22}},"35":{"start":{"line":80,"column":4},"end":{"line":80,"column":63}},"36":{"start":{"line":85,"column":2},"end":{"line":96,"column":3}},"37":{"start":{"line":86,"column":20},"end":{"line":92,"column":6}},"38":{"start":{"line":93,"column":4},"end":{"line":93,"column":46}},"39":{"start":{"line":95,"column":4},"end":{"line":95,"column":63}},"40":{"start":{"line":101,"column":19},"end":{"line":101,"column":54}},"41":{"start":{"line":104,"column":2},"end":{"line":143,"column":3}},"42":{"start":{"line":106,"column":4},"end":{"line":127,"column":5}},"43":{"start":{"line":108,"column":6},"end":{"line":124,"column":9}},"44":{"start":{"line":111,"column":24},"end":{"line":111,"column":48}},"45":{"start":{"line":114,"column":8},"end":{"line":117,"column":51}},"46":{"start":{"line":115,"column":10},"end":{"line":115,"column":80}},"47":{"start":{"line":116,"column":10},"end":{"line":116,"column":35}},"48":{"start":{"line":117,"column":15},"end":{"line":117,"column":51}},"49":{"start":{"line":119,"column":8},"end":{"line":124,"column":9}},"50":{"start":{"line":126,"column":6},"end":{"line":126,"column":69}},"51":{"start":{"line":131,"column":24},"end":{"line":131,"column":60}},"52":{"start":{"line":132,"column":4},"end":{"line":142,"column":7}},"53":{"start":{"line":133,"column":22},"end":{"line":133,"column":46}},"54":{"start":{"line":134,"column":6},"end":{"line":137,"column":49}},"55":{"start":{"line":135,"column":8},"end":{"line":135,"column":80}},"56":{"start":{"line":136,"column":8},"end":{"line":136,"column":33}},"57":{"start":{"line":137,"column":13},"end":{"line":137,"column":49}},"58":{"start":{"line":139,"column":6},"end":{"line":142,"column":7}},"59":{"start":{"line":146,"column":0},"end":{"line":153,"column":1}}},"fnMap":{"0":{"name":"getUserHoldingsRaw","decl":{"start":{"line":7,"column":15},"end":{"line":7,"column":33}},"loc":{"start":{"line":7,"column":40},"end":{"line":18,"column":1}},"line":7},"1":{"name":"getUserHoldingsFormatted","decl":{"start":{"line":19,"column":15},"end":{"line":19,"column":39}},"loc":{"start":{"line":19,"column":46},"end":{"line":55,"column":1}},"line":19},"2":{"name":"checkUserHoldings","decl":{"start":{"line":58,"column":15},"end":{"line":58,"column":32}},"loc":{"start":{"line":58,"column":51},"end":{"line":73,"column":1}},"line":58},"3":{"name":"Create","decl":{"start":{"line":75,"column":15},"end":{"line":75,"column":21}},"loc":{"start":{"line":75,"column":29},"end":{"line":82,"column":1}},"line":75},"4":{"name":"Delete","decl":{"start":{"line":84,"column":15},"end":{"line":84,"column":21}},"loc":{"start":{"line":84,"column":28},"end":{"line":97,"column":1}},"line":84},"5":{"name":"addHoldings","decl":{"start":{"line":99,"column":15},"end":{"line":99,"column":26}},"loc":{"start":{"line":99,"column":66},"end":{"line":144,"column":1}},"line":99}},"branchMap":{"0":{"loc":{"start":{"line":36,"column":6},"end":{"line":36,"column":42}},"type":"if","locations":[{"start":{"line":36,"column":6},"end":{"line":36,"column":42}},{"start":{},"end":{}}],"line":36},"1":{"loc":{"start":{"line":38,"column":6},"end":{"line":49,"column":7}},"type":"if","locations":[{"start":{"line":38,"column":6},"end":{"line":49,"column":7}},{"start":{"line":44,"column":13},"end":{"line":49,"column":7}}],"line":38},"2":{"loc":{"start":{"line":104,"column":2},"end":{"line":143,"column":3}},"type":"if","locations":[{"start":{"line":104,"column":2},"end":{"line":143,"column":3}},{"start":{"line":130,"column":7},"end":{"line":143,"column":3}}],"line":104},"3":{"loc":{"start":{"line":106,"column":4},"end":{"line":127,"column":5}},"type":"if","locations":[{"start":{"line":106,"column":4},"end":{"line":127,"column":5}},{"start":{"line":125,"column":11},"end":{"line":127,"column":5}}],"line":106},"4":{"loc":{"start":{"line":108,"column":6},"end":{"line":124,"column":9}},"type":"if","locations":[{"start":{"line":108,"column":6},"end":{"line":124,"column":9}},{"start":{"line":119,"column":8},"end":{"line":124,"column":9}}],"line":108},"5":{"loc":{"start":{"line":114,"column":8},"end":{"line":117,"column":51}},"type":"if","locations":[{"start":{"line":114,"column":8},"end":{"line":117,"column":51}},{"start":{"line":117,"column":15},"end":{"line":117,"column":51}}],"line":114},"6":{"loc":{"start":{"line":132,"column":4},"end":{"line":142,"column":7}},"type":"if","locations":[{"start":{"line":132,"column":4},"end":{"line":142,"column":7}},{"start":{"line":139,"column":6},"end":{"line":142,"column":7}}],"line":132},"7":{"loc":{"start":{"line":134,"column":6},"end":{"line":137,"column":49}},"type":"if","locations":[{"start":{"line":134,"column":6},"end":{"line":137,"column":49}},{"start":{"line":137,"column":13},"end":{"line":137,"column":49}}],"line":134}},"s":{"0":3,"1":3,"2":3,"3":3,"4":0,"5":0,"6":0,"7":0,"8":3,"9":3,"10":3,"11":3,"12":1,"13":1,"14":1,"15":1,"16":1,"17":0,"18":1,"19":0,"20":0,"21":0,"22":1,"23":1,"24":1,"25":1,"26":3,"27":0,"28":0,"29":0,"30":0,"31":0,"32":1,"33":1,"34":1,"35":0,"36":0,"37":0,"38":0,"39":0,"40":1,"41":1,"42":0,"43":0,"44":0,"45":0,"46":0,"47":0,"48":0,"49":0,"50":0,"51":1,"52":1,"53":1,"54":1,"55":1,"56":1,"57":0,"58":0,"59":3},"f":{"0":0,"1":3,"2":0,"3":1,"4":0,"5":1},"b":{"0":[0,1],"1":[0,1],"2":[0,1],"3":[0,0],"4":[0,0],"5":[0,0],"6":[1,0],"7":[1,0]},"_coverageSchema":"1a1c01bbd47fc00a2c39e90264f33305004495a9","hash":"b5a152d234b4be88363b3afe7ee8d429debfaba4"}
,"/Users/sahilbhola/Desktop/soft/Software-Engineering-Project/src/middleware/user_watchlist.js": {"path":"/Users/sahilbhola/Desktop/soft/Software-Engineering-Project/src/middleware/user_watchlist.js","statementMap":{"0":{"start":{"line":1,"column":37},"end":{"line":1,"column":57}},"1":{"start":{"line":2,"column":11},"end":{"line":2,"column":31}},"2":{"start":{"line":3,"column":22},"end":{"line":3,"column":40}},"3":{"start":{"line":7,"column":4},"end":{"line":16,"column":5}},"4":{"start":{"line":8,"column":27},"end":{"line":12,"column":10}},"5":{"start":{"line":13,"column":8},"end":{"line":13,"column":25}},"6":{"start":{"line":15,"column":8},"end":{"line":15,"column":68}},"7":{"start":{"line":20,"column":4},"end":{"line":30,"column":5}},"8":{"start":{"line":21,"column":22},"end":{"line":26,"column":10}},"9":{"start":{"line":27,"column":8},"end":{"line":27,"column":21}},"10":{"start":{"line":29,"column":8},"end":{"line":29,"column":87}},"11":{"start":{"line":33,"column":4},"end":{"line":43,"column":5}},"12":{"start":{"line":34,"column":24},"end":{"line":39,"column":10}},"13":{"start":{"line":40,"column":8},"end":{"line":40,"column":23}},"14":{"start":{"line":42,"column":8},"end":{"line":42,"column":62}},"15":{"start":{"line":48,"column":4},"end":{"line":54,"column":5}},"16":{"start":{"line":49,"column":30},"end":{"line":49,"column":67}},"17":{"start":{"line":50,"column":8},"end":{"line":50,"column":27}},"18":{"start":{"line":51,"column":8},"end":{"line":51,"column":28}},"19":{"start":{"line":53,"column":8},"end":{"line":53,"column":67}},"20":{"start":{"line":57,"column":0},"end":{"line":62,"column":1}}},"fnMap":{"0":{"name":"getUserWatchlist","decl":{"start":{"line":6,"column":15},"end":{"line":6,"column":31}},"loc":{"start":{"line":6,"column":36},"end":{"line":17,"column":1}},"line":6},"1":{"name":"checkUserWatchlist","decl":{"start":{"line":19,"column":15},"end":{"line":19,"column":33}},"loc":{"start":{"line":19,"column":49},"end":{"line":31,"column":1}},"line":19},"2":{"name":"deleteWatchlist","decl":{"start":{"line":32,"column":15},"end":{"line":32,"column":30}},"loc":{"start":{"line":32,"column":47},"end":{"line":44,"column":1}},"line":32},"3":{"name":"Create","decl":{"start":{"line":47,"column":15},"end":{"line":47,"column":21}},"loc":{"start":{"line":47,"column":27},"end":{"line":55,"column":1}},"line":47}},"branchMap":{},"s":{"0":3,"1":3,"2":3,"3":0,"4":0,"5":0,"6":0,"7":1,"8":1,"9":1,"10":0,"11":0,"12":0,"13":0,"14":0,"15":1,"16":1,"17":1,"18":1,"19":0,"20":3},"f":{"0":0,"1":1,"2":0,"3":1},"b":{},"_coverageSchema":"1a1c01bbd47fc00a2c39e90264f33305004495a9","hash":"d2f92e8148dc3cb4e4ddb4b455adbfc607c3367b"}
,"/Users/sahilbhola/Desktop/soft/Software-Engineering-Project/src/models/index.js": {"path":"/Users/sahilbhola/Desktop/soft/Software-Engineering-Project/src/models/index.js","statementMap":{"0":{"start":{"line":3,"column":11},"end":{"line":3,"column":24}},"1":{"start":{"line":4,"column":13},"end":{"line":4,"column":28}},"2":{"start":{"line":5,"column":18},"end":{"line":5,"column":38}},"3":{"start":{"line":6,"column":16},"end":{"line":6,"column":34}},"4":{"start":{"line":7,"column":17},"end":{"line":7,"column":42}},"5":{"start":{"line":8,"column":12},"end":{"line":8,"column":49}},"6":{"start":{"line":9,"column":15},"end":{"line":9,"column":52}},"7":{"start":{"line":10,"column":11},"end":{"line":10,"column":13}},"8":{"start":{"line":13,"column":0},"end":{"line":17,"column":1}},"9":{"start":{"line":14,"column":2},"end":{"line":14,"column":74}},"10":{"start":{"line":16,"column":2},"end":{"line":16,"column":87}},"11":{"start":{"line":19,"column":0},"end":{"line":31,"column":5}},"12":{"start":{"line":22,"column":4},"end":{"line":26,"column":6}},"13":{"start":{"line":29,"column":18},"end":{"line":29,"column":85}},"14":{"start":{"line":30,"column":4},"end":{"line":30,"column":27}},"15":{"start":{"line":33,"column":0},"end":{"line":37,"column":3}},"16":{"start":{"line":34,"column":2},"end":{"line":36,"column":3}},"17":{"start":{"line":35,"column":4},"end":{"line":35,"column":32}},"18":{"start":{"line":39,"column":0},"end":{"line":39,"column":25}},"19":{"start":{"line":40,"column":0},"end":{"line":40,"column":25}},"20":{"start":{"line":44,"column":0},"end":{"line":44,"column":20}}},"fnMap":{"0":{"name":"(anonymous_0)","decl":{"start":{"line":21,"column":10},"end":{"line":21,"column":11}},"loc":{"start":{"line":21,"column":18},"end":{"line":27,"column":3}},"line":21},"1":{"name":"(anonymous_1)","decl":{"start":{"line":28,"column":11},"end":{"line":28,"column":12}},"loc":{"start":{"line":28,"column":19},"end":{"line":31,"column":3}},"line":28},"2":{"name":"(anonymous_2)","decl":{"start":{"line":33,"column":24},"end":{"line":33,"column":25}},"loc":{"start":{"line":33,"column":37},"end":{"line":37,"column":1}},"line":33}},"branchMap":{"0":{"loc":{"start":{"line":8,"column":12},"end":{"line":8,"column":49}},"type":"binary-expr","locations":[{"start":{"line":8,"column":12},"end":{"line":8,"column":32}},{"start":{"line":8,"column":36},"end":{"line":8,"column":49}}],"line":8},"1":{"loc":{"start":{"line":13,"column":0},"end":{"line":17,"column":1}},"type":"if","locations":[{"start":{"line":13,"column":0},"end":{"line":17,"column":1}},{"start":{"line":15,"column":7},"end":{"line":17,"column":1}}],"line":13},"2":{"loc":{"start":{"line":23,"column":6},"end":{"line":25,"column":30}},"type":"binary-expr","locations":[{"start":{"line":23,"column":6},"end":{"line":23,"column":29}},{"start":{"line":24,"column":6},"end":{"line":24,"column":23}},{"start":{"line":25,"column":6},"end":{"line":25,"column":30}}],"line":23},"3":{"loc":{"start":{"line":34,"column":2},"end":{"line":36,"column":3}},"type":"if","locations":[{"start":{"line":34,"column":2},"end":{"line":36,"column":3}},{"start":{},"end":{}}],"line":34}},"s":{"0":3,"1":3,"2":3,"3":3,"4":3,"5":3,"6":3,"7":3,"8":3,"9":0,"10":3,"11":3,"12":12,"13":9,"14":9,"15":3,"16":9,"17":9,"18":3,"19":3,"20":3},"f":{"0":12,"1":9,"2":9},"b":{"0":[3,0],"1":[0,3],"2":[12,12,9],"3":[9,0]},"_coverageSchema":"1a1c01bbd47fc00a2c39e90264f33305004495a9","hash":"f9f17810af38f22859918ac39e7391b0211b537e"}
,"/Users/sahilbhola/Desktop/soft/Software-Engineering-Project/src/models/user.js": {"path":"/Users/sahilbhola/Desktop/soft/Software-Engineering-Project/src/models/user.js","statementMap":{"0":{"start":{"line":2,"column":18},"end":{"line":2,"column":38}},"1":{"start":{"line":31,"column":0},"end":{"line":75,"column":1}},"2":{"start":{"line":32,"column":15},"end":{"line":71,"column":4}},"3":{"start":{"line":72,"column":2},"end":{"line":72,"column":39}},"4":{"start":{"line":74,"column":2},"end":{"line":74,"column":14}}},"fnMap":{"0":{"name":"(anonymous_0)","decl":{"start":{"line":31,"column":17},"end":{"line":31,"column":18}},"loc":{"start":{"line":31,"column":43},"end":{"line":75,"column":1}},"line":31},"1":{"name":"(anonymous_1)","decl":{"start":{"line":72,"column":19},"end":{"line":72,"column":20}},"loc":{"start":{"line":72,"column":37},"end":{"line":72,"column":39}},"line":72}},"branchMap":{},"s":{"0":3,"1":3,"2":3,"3":3,"4":3},"f":{"0":3,"1":3},"b":{},"_coverageSchema":"1a1c01bbd47fc00a2c39e90264f33305004495a9","hash":"98cb196150d38982f658842d569597e6ed97fb7d"}
,"/Users/sahilbhola/Desktop/soft/Software-Engineering-Project/src/models/user_holding.js": {"path":"/Users/sahilbhola/Desktop/soft/Software-Engineering-Project/src/models/user_holding.js","statementMap":{"0":{"start":{"line":2,"column":18},"end":{"line":2,"column":38}},"1":{"start":{"line":4,"column":0},"end":{"line":38,"column":1}},"2":{"start":{"line":5,"column":22},"end":{"line":35,"column":4}},"3":{"start":{"line":36,"column":2},"end":{"line":36,"column":46}},"4":{"start":{"line":37,"column":2},"end":{"line":37,"column":20}}},"fnMap":{"0":{"name":"(anonymous_0)","decl":{"start":{"line":4,"column":17},"end":{"line":4,"column":18}},"loc":{"start":{"line":4,"column":43},"end":{"line":38,"column":1}},"line":4},"1":{"name":"(anonymous_1)","decl":{"start":{"line":36,"column":26},"end":{"line":36,"column":27}},"loc":{"start":{"line":36,"column":44},"end":{"line":36,"column":46}},"line":36}},"branchMap":{},"s":{"0":3,"1":3,"2":3,"3":3,"4":3},"f":{"0":3,"1":3},"b":{},"_coverageSchema":"1a1c01bbd47fc00a2c39e90264f33305004495a9","hash":"3d4af691b09c8a4da60244c85548b02b586764b4"}
,"/Users/sahilbhola/Desktop/soft/Software-Engineering-Project/src/models/user_watchlist.js": {"path":"/Users/sahilbhola/Desktop/soft/Software-Engineering-Project/src/models/user_watchlist.js","statementMap":{"0":{"start":{"line":2,"column":18},"end":{"line":2,"column":38}},"1":{"start":{"line":31,"column":0},"end":{"line":62,"column":1}},"2":{"start":{"line":32,"column":24},"end":{"line":58,"column":4}},"3":{"start":{"line":59,"column":2},"end":{"line":59,"column":48}},"4":{"start":{"line":61,"column":2},"end":{"line":61,"column":22}}},"fnMap":{"0":{"name":"(anonymous_0)","decl":{"start":{"line":31,"column":17},"end":{"line":31,"column":18}},"loc":{"start":{"line":31,"column":43},"end":{"line":62,"column":1}},"line":31},"1":{"name":"(anonymous_1)","decl":{"start":{"line":59,"column":28},"end":{"line":59,"column":29}},"loc":{"start":{"line":59,"column":46},"end":{"line":59,"column":48}},"line":59}},"branchMap":{},"s":{"0":3,"1":3,"2":3,"3":3,"4":3},"f":{"0":3,"1":3},"b":{},"_coverageSchema":"1a1c01bbd47fc00a2c39e90264f33305004495a9","hash":"aeb267e80053577243db13d96b3669310ba60c89"}
,"/Users/sahilbhola/Desktop/soft/Software-Engineering-Project/src/routes/user.js": {"path":"/Users/sahilbhola/Desktop/soft/Software-Engineering-Project/src/routes/user.js","statementMap":{"0":{"start":{"line":1,"column":16},"end":{"line":1,"column":34}},"1":{"start":{"line":2,"column":15},"end":{"line":2,"column":35}},"2":{"start":{"line":3,"column":13},"end":{"line":3,"column":42}},"3":{"start":{"line":4,"column":19},"end":{"line":4,"column":40}},"4":{"start":{"line":5,"column":15},"end":{"line":5,"column":34}},"5":{"start":{"line":8,"column":0},"end":{"line":58,"column":2}},"6":{"start":{"line":9,"column":2},"end":{"line":57,"column":3}},"7":{"start":{"line":10,"column":17},"end":{"line":10,"column":32}},"8":{"start":{"line":11,"column":20},"end":{"line":17,"column":5}},"9":{"start":{"line":18,"column":40},"end":{"line":21,"column":5}},"10":{"start":{"line":22,"column":4},"end":{"line":22,"column":42}},"11":{"start":{"line":23,"column":4},"end":{"line":53,"column":5}},"12":{"start":{"line":24,"column":21},"end":{"line":24,"column":46}},"13":{"start":{"line":25,"column":19},"end":{"line":25,"column":29}},"14":{"start":{"line":26,"column":20},"end":{"line":26,"column":34}},"15":{"start":{"line":27,"column":17},"end":{"line":27,"column":140}},"16":{"start":{"line":28,"column":26},"end":{"line":34,"column":8}},"17":{"start":{"line":35,"column":24},"end":{"line":40,"column":7}},"18":{"start":{"line":42,"column":27},"end":{"line":42,"column":66}},"19":{"start":{"line":43,"column":6},"end":{"line":43,"column":55}},"20":{"start":{"line":43,"column":24},"end":{"line":43,"column":55}},"21":{"start":{"line":45,"column":26},"end":{"line":45,"column":52}},"22":{"start":{"line":46,"column":6},"end":{"line":46,"column":25}},"23":{"start":{"line":47,"column":6},"end":{"line":47,"column":44}},"24":{"start":{"line":47,"column":23},"end":{"line":47,"column":44}},"25":{"start":{"line":49,"column":6},"end":{"line":52,"column":46}},"26":{"start":{"line":50,"column":8},"end":{"line":50,"column":56}},"27":{"start":{"line":51,"column":11},"end":{"line":52,"column":46}},"28":{"start":{"line":51,"column":30},"end":{"line":51,"column":65}},"29":{"start":{"line":52,"column":11},"end":{"line":52,"column":46}},"30":{"start":{"line":55,"column":4},"end":{"line":55,"column":44}},"31":{"start":{"line":56,"column":4},"end":{"line":56,"column":35}},"32":{"start":{"line":61,"column":0},"end":{"line":81,"column":2}},"33":{"start":{"line":62,"column":2},"end":{"line":80,"column":3}},"34":{"start":{"line":63,"column":32},"end":{"line":63,"column":40}},"35":{"start":{"line":64,"column":40},"end":{"line":67,"column":5}},"36":{"start":{"line":68,"column":4},"end":{"line":76,"column":38}},"37":{"start":{"line":69,"column":6},"end":{"line":75,"column":8}},"38":{"start":{"line":76,"column":9},"end":{"line":76,"column":38}},"39":{"start":{"line":78,"column":4},"end":{"line":78,"column":34}},"40":{"start":{"line":79,"column":4},"end":{"line":79,"column":35}},"41":{"start":{"line":84,"column":0},"end":{"line":97,"column":2}},"42":{"start":{"line":85,"column":2},"end":{"line":96,"column":3}},"43":{"start":{"line":86,"column":16},"end":{"line":86,"column":33}},"44":{"start":{"line":87,"column":15},"end":{"line":87,"column":45}},"45":{"start":{"line":88,"column":4},"end":{"line":92,"column":5}},"46":{"start":{"line":89,"column":6},"end":{"line":89,"column":20}},"47":{"start":{"line":91,"column":6},"end":{"line":91,"column":64}},"48":{"start":{"line":94,"column":4},"end":{"line":94,"column":44}},"49":{"start":{"line":95,"column":4},"end":{"line":95,"column":35}},"50":{"start":{"line":99,"column":0},"end":{"line":118,"column":2}},"51":{"start":{"line":100,"column":2},"end":{"line":117,"column":3}},"52":{"start":{"line":101,"column":16},"end":{"line":101,"column":33}},"53":{"start":{"line":102,"column":17},"end":{"line":102,"column":35}},"54":{"start":{"line":103,"column":15},"end":{"line":103,"column":45}},"55":{"start":{"line":104,"column":4},"end":{"line":113,"column":5}},"56":{"start":{"line":105,"column":20},"end":{"line":105,"column":55}},"57":{"start":{"line":106,"column":6},"end":{"line":110,"column":69}},"58":{"start":{"line":106,"column":19},"end":{"line":106,"column":36}},"59":{"start":{"line":108,"column":8},"end":{"line":110,"column":69}},"60":{"start":{"line":112,"column":6},"end":{"line":112,"column":64}},"61":{"start":{"line":115,"column":4},"end":{"line":115,"column":44}},"62":{"start":{"line":116,"column":4},"end":{"line":116,"column":35}},"63":{"start":{"line":120,"column":0},"end":{"line":135,"column":2}},"64":{"start":{"line":121,"column":2},"end":{"line":134,"column":3}},"65":{"start":{"line":122,"column":16},"end":{"line":122,"column":33}},"66":{"start":{"line":123,"column":20},"end":{"line":123,"column":28}},"67":{"start":{"line":124,"column":15},"end":{"line":124,"column":45}},"68":{"start":{"line":125,"column":4},"end":{"line":131,"column":5}},"69":{"start":{"line":127,"column":21},"end":{"line":127,"column":60}},"70":{"start":{"line":128,"column":6},"end":{"line":128,"column":24}},"71":{"start":{"line":130,"column":6},"end":{"line":130,"column":64}},"72":{"start":{"line":133,"column":4},"end":{"line":133,"column":35}},"73":{"start":{"line":137,"column":0},"end":{"line":137,"column":23}}},"fnMap":{"0":{"name":"(anonymous_0)","decl":{"start":{"line":8,"column":22},"end":{"line":8,"column":23}},"loc":{"start":{"line":8,"column":42},"end":{"line":58,"column":1}},"line":8},"1":{"name":"(anonymous_1)","decl":{"start":{"line":61,"column":28},"end":{"line":61,"column":29}},"loc":{"start":{"line":61,"column":48},"end":{"line":81,"column":1}},"line":61},"2":{"name":"(anonymous_2)","decl":{"start":{"line":84,"column":26},"end":{"line":84,"column":27}},"loc":{"start":{"line":84,"column":46},"end":{"line":97,"column":1}},"line":84},"3":{"name":"(anonymous_3)","decl":{"start":{"line":99,"column":40},"end":{"line":99,"column":41}},"loc":{"start":{"line":99,"column":60},"end":{"line":118,"column":1}},"line":99},"4":{"name":"(anonymous_4)","decl":{"start":{"line":120,"column":43},"end":{"line":120,"column":44}},"loc":{"start":{"line":120,"column":63},"end":{"line":135,"column":1}},"line":120}},"branchMap":{"0":{"loc":{"start":{"line":23,"column":4},"end":{"line":53,"column":5}},"type":"if","locations":[{"start":{"line":23,"column":4},"end":{"line":53,"column":5}},{"start":{"line":48,"column":11},"end":{"line":53,"column":5}}],"line":23},"1":{"loc":{"start":{"line":23,"column":8},"end":{"line":23,"column":37}},"type":"binary-expr","locations":[{"start":{"line":23,"column":8},"end":{"line":23,"column":22}},{"start":{"line":23,"column":26},"end":{"line":23,"column":37}}],"line":23},"2":{"loc":{"start":{"line":43,"column":6},"end":{"line":43,"column":55}},"type":"if","locations":[{"start":{"line":43,"column":6},"end":{"line":43,"column":55}},{"start":{},"end":{}}],"line":43},"3":{"loc":{"start":{"line":47,"column":6},"end":{"line":47,"column":44}},"type":"if","locations":[{"start":{"line":47,"column":6},"end":{"line":47,"column":44}},{"start":{},"end":{}}],"line":47},"4":{"loc":{"start":{"line":49,"column":6},"end":{"line":52,"column":46}},"type":"if","locations":[{"start":{"line":49,"column":6},"end":{"line":52,"column":46}},{"start":{"line":51,"column":11},"end":{"line":52,"column":46}}],"line":49},"5":{"loc":{"start":{"line":49,"column":10},"end":{"line":49,"column":37}},"type":"binary-expr","locations":[{"start":{"line":49,"column":10},"end":{"line":49,"column":23}},{"start":{"line":49,"column":27},"end":{"line":49,"column":37}}],"line":49},"6":{"loc":{"start":{"line":51,"column":11},"end":{"line":52,"column":46}},"type":"if","locations":[{"start":{"line":51,"column":11},"end":{"line":52,"column":46}},{"start":{"line":52,"column":11},"end":{"line":52,"column":46}}],"line":51},"7":{"loc":{"start":{"line":68,"column":4},"end":{"line":76,"column":38}},"type":"if","locations":[{"start":{"line":68,"column":4},"end":{"line":76,"column":38}},{"start":{"line":76,"column":9},"end":{"line":76,"column":38}}],"line":68},"8":{"loc":{"start":{"line":88,"column":4},"end":{"line":92,"column":5}},"type":"if","locations":[{"start":{"line":88,"column":4},"end":{"line":92,"column":5}},{"start":{"line":90,"column":11},"end":{"line":92,"column":5}}],"line":88},"9":{"loc":{"start":{"line":104,"column":4},"end":{"line":113,"column":5}},"type":"if","locations":[{"start":{"line":104,"column":4},"end":{"line":113,"column":5}},{"start":{"line":111,"column":11},"end":{"line":113,"column":5}}],"line":104},"10":{"loc":{"start":{"line":106,"column":6},"end":{"line":110,"column":69}},"type":"if","locations":[{"start":{"line":106,"column":6},"end":{"line":110,"column":69}},{"start":{"line":108,"column":8},"end":{"line":110,"column":69}}],"line":106},"11":{"loc":{"start":{"line":125,"column":4},"end":{"line":131,"column":5}},"type":"if","locations":[{"start":{"line":125,"column":4},"end":{"line":131,"column":5}},{"start":{"line":129,"column":11},"end":{"line":131,"column":5}}],"line":125}},"s":{"0":3,"1":3,"2":3,"3":3,"4":3,"5":3,"6":1,"7":1,"8":1,"9":1,"10":1,"11":1,"12":1,"13":1,"14":1,"15":1,"16":1,"17":1,"18":1,"19":1,"20":1,"21":1,"22":1,"23":1,"24":1,"25":0,"26":0,"27":0,"28":0,"29":0,"30":0,"31":0,"32":3,"33":1,"34":1,"35":1,"36":1,"37":1,"38":0,"39":0,"40":0,"41":3,"42":1,"43":1,"44":1,"45":1,"46":1,"47":0,"48":0,"49":0,"50":3,"51":1,"52":1,"53":1,"54":1,"55":1,"56":1,"57":1,"58":1,"59":0,"60":0,"61":0,"62":0,"63":3,"64":0,"65":0,"66":0,"67":0,"68":0,"69":0,"70":0,"71":0,"72":0,"73":3},"f":{"0":1,"1":1,"2":1,"3":1,"4":0},"b":{"0":[1,0],"1":[1,1],"2":[1,0],"3":[1,0],"4":[0,0],"5":[0,0],"6":[0,0],"7":[1,0],"8":[1,0],"9":[1,0],"10":[1,0],"11":[0,0]},"_coverageSchema":"1a1c01bbd47fc00a2c39e90264f33305004495a9","hash":"55424d3599f3ef04be3d0dbacabdbb2ece193d0b"}
,"/Users/sahilbhola/Desktop/soft/Software-Engineering-Project/src/routes/userHolding.js": {"path":"/Users/sahilbhola/Desktop/soft/Software-Engineering-Project/src/routes/userHolding.js","statementMap":{"0":{"start":{"line":1,"column":16},"end":{"line":1,"column":34}},"1":{"start":{"line":2,"column":15},"end":{"line":2,"column":35}},"2":{"start":{"line":3,"column":20},"end":{"line":3,"column":56}},"3":{"start":{"line":4,"column":13},"end":{"line":4,"column":42}},"4":{"start":{"line":7,"column":0},"end":{"line":33,"column":2}},"5":{"start":{"line":8,"column":2},"end":{"line":32,"column":3}},"6":{"start":{"line":9,"column":16},"end":{"line":9,"column":33}},"7":{"start":{"line":10,"column":20},"end":{"line":10,"column":35}},"8":{"start":{"line":11,"column":23},"end":{"line":16,"column":5}},"9":{"start":{"line":18,"column":23},"end":{"line":18,"column":53}},"10":{"start":{"line":19,"column":4},"end":{"line":29,"column":5}},"11":{"start":{"line":20,"column":27},"end":{"line":25,"column":7}},"12":{"start":{"line":26,"column":6},"end":{"line":26,"column":35}},"13":{"start":{"line":28,"column":6},"end":{"line":28,"column":62}},"14":{"start":{"line":31,"column":4},"end":{"line":31,"column":62}},"15":{"start":{"line":36,"column":0},"end":{"line":49,"column":2}},"16":{"start":{"line":37,"column":2},"end":{"line":48,"column":3}},"17":{"start":{"line":38,"column":16},"end":{"line":38,"column":33}},"18":{"start":{"line":39,"column":23},"end":{"line":39,"column":53}},"19":{"start":{"line":41,"column":4},"end":{"line":45,"column":67}},"20":{"start":{"line":42,"column":23},"end":{"line":42,"column":64}},"21":{"start":{"line":43,"column":6},"end":{"line":44,"column":53}},"22":{"start":{"line":43,"column":20},"end":{"line":43,"column":38}},"23":{"start":{"line":44,"column":11},"end":{"line":44,"column":53}},"24":{"start":{"line":45,"column":11},"end":{"line":45,"column":67}},"25":{"start":{"line":47,"column":4},"end":{"line":47,"column":35}},"26":{"start":{"line":52,"column":0},"end":{"line":65,"column":2}},"27":{"start":{"line":53,"column":2},"end":{"line":64,"column":3}},"28":{"start":{"line":54,"column":16},"end":{"line":54,"column":33}},"29":{"start":{"line":55,"column":23},"end":{"line":55,"column":53}},"30":{"start":{"line":57,"column":4},"end":{"line":61,"column":67}},"31":{"start":{"line":58,"column":23},"end":{"line":58,"column":70}},"32":{"start":{"line":59,"column":6},"end":{"line":60,"column":53}},"33":{"start":{"line":59,"column":20},"end":{"line":59,"column":38}},"34":{"start":{"line":60,"column":11},"end":{"line":60,"column":53}},"35":{"start":{"line":61,"column":11},"end":{"line":61,"column":67}},"36":{"start":{"line":63,"column":4},"end":{"line":63,"column":35}},"37":{"start":{"line":68,"column":0},"end":{"line":76,"column":2}},"38":{"start":{"line":69,"column":2},"end":{"line":75,"column":3}},"39":{"start":{"line":70,"column":16},"end":{"line":70,"column":33}},"40":{"start":{"line":71,"column":17},"end":{"line":71,"column":46}},"41":{"start":{"line":72,"column":4},"end":{"line":72,"column":20}},"42":{"start":{"line":74,"column":4},"end":{"line":74,"column":58}},"43":{"start":{"line":78,"column":0},"end":{"line":78,"column":23}}},"fnMap":{"0":{"name":"(anonymous_0)","decl":{"start":{"line":7,"column":30},"end":{"line":7,"column":31}},"loc":{"start":{"line":7,"column":50},"end":{"line":33,"column":1}},"line":7},"1":{"name":"(anonymous_1)","decl":{"start":{"line":36,"column":33},"end":{"line":36,"column":34}},"loc":{"start":{"line":36,"column":53},"end":{"line":49,"column":1}},"line":36},"2":{"name":"(anonymous_2)","decl":{"start":{"line":52,"column":39},"end":{"line":52,"column":40}},"loc":{"start":{"line":52,"column":59},"end":{"line":65,"column":1}},"line":52},"3":{"name":"(anonymous_3)","decl":{"start":{"line":68,"column":32},"end":{"line":68,"column":33}},"loc":{"start":{"line":68,"column":52},"end":{"line":76,"column":1}},"line":68}},"branchMap":{"0":{"loc":{"start":{"line":19,"column":4},"end":{"line":29,"column":5}},"type":"if","locations":[{"start":{"line":19,"column":4},"end":{"line":29,"column":5}},{"start":{"line":27,"column":11},"end":{"line":29,"column":5}}],"line":19},"1":{"loc":{"start":{"line":41,"column":4},"end":{"line":45,"column":67}},"type":"if","locations":[{"start":{"line":41,"column":4},"end":{"line":45,"column":67}},{"start":{"line":45,"column":11},"end":{"line":45,"column":67}}],"line":41},"2":{"loc":{"start":{"line":43,"column":6},"end":{"line":44,"column":53}},"type":"if","locations":[{"start":{"line":43,"column":6},"end":{"line":44,"column":53}},{"start":{"line":44,"column":11},"end":{"line":44,"column":53}}],"line":43},"3":{"loc":{"start":{"line":57,"column":4},"end":{"line":61,"column":67}},"type":"if","locations":[{"start":{"line":57,"column":4},"end":{"line":61,"column":67}},{"start":{"line":61,"column":11},"end":{"line":61,"column":67}}],"line":57},"4":{"loc":{"start":{"line":59,"column":6},"end":{"line":60,"column":53}},"type":"if","locations":[{"start":{"line":59,"column":6},"end":{"line":60,"column":53}},{"start":{"line":60,"column":11},"end":{"line":60,"column":53}}],"line":59}},"s":{"0":3,"1":3,"2":3,"3":3,"4":3,"5":1,"6":1,"7":1,"8":1,"9":1,"10":1,"11":1,"12":1,"13":0,"14":0,"15":3,"16":0,"17":0,"18":0,"19":0,"20":0,"21":0,"22":0,"23":0,"24":0,"25":0,"26":3,"27":2,"28":2,"29":2,"30":2,"31":2,"32":2,"33":2,"34":0,"35":0,"36":0,"37":3,"38":0,"39":0,"40":0,"41":0,"42":0,"43":3},"f":{"0":1,"1":0,"2":2,"3":0},"b":{"0":[1,0],"1":[0,0],"2":[0,0],"3":[2,0],"4":[2,0]},"_coverageSchema":"1a1c01bbd47fc00a2c39e90264f33305004495a9","hash":"12413fdd0a80d07800138cb59658fdeece70fc70"}
,"/Users/sahilbhola/Desktop/soft/Software-Engineering-Project/src/routes/userWatchlist.js": {"path":"/Users/sahilbhola/Desktop/soft/Software-Engineering-Project/src/routes/userWatchlist.js","statementMap":{"0":{"start":{"line":1,"column":16},"end":{"line":1,"column":34}},"1":{"start":{"line":2,"column":15},"end":{"line":2,"column":35}},"2":{"start":{"line":3,"column":22},"end":{"line":3,"column":61}},"3":{"start":{"line":5,"column":0},"end":{"line":16,"column":2}},"4":{"start":{"line":6,"column":4},"end":{"line":15,"column":5}},"5":{"start":{"line":7,"column":20},"end":{"line":7,"column":37}},"6":{"start":{"line":8,"column":27},"end":{"line":8,"column":68}},"7":{"start":{"line":9,"column":8},"end":{"line":12,"column":52}},"8":{"start":{"line":10,"column":8},"end":{"line":10,"column":28}},"9":{"start":{"line":12,"column":8},"end":{"line":12,"column":52}},"10":{"start":{"line":14,"column":8},"end":{"line":14,"column":40}},"11":{"start":{"line":19,"column":0},"end":{"line":29,"column":2}},"12":{"start":{"line":20,"column":4},"end":{"line":28,"column":5}},"13":{"start":{"line":21,"column":8},"end":{"line":21,"column":32}},"14":{"start":{"line":22,"column":22},"end":{"line":22,"column":35}},"15":{"start":{"line":23,"column":29},"end":{"line":23,"column":37}},"16":{"start":{"line":24,"column":28},"end":{"line":24,"column":80}},"17":{"start":{"line":25,"column":8},"end":{"line":25,"column":31}},"18":{"start":{"line":27,"column":8},"end":{"line":27,"column":39}},"19":{"start":{"line":32,"column":0},"end":{"line":56,"column":2}},"20":{"start":{"line":33,"column":4},"end":{"line":55,"column":5}},"21":{"start":{"line":34,"column":20},"end":{"line":34,"column":37}},"22":{"start":{"line":36,"column":26},"end":{"line":36,"column":39}},"23":{"start":{"line":38,"column":27},"end":{"line":42,"column":9}},"24":{"start":{"line":43,"column":8},"end":{"line":43,"column":31}},"25":{"start":{"line":44,"column":22},"end":{"line":44,"column":87}},"26":{"start":{"line":45,"column":8},"end":{"line":51,"column":5}},"27":{"start":{"line":46,"column":24},"end":{"line":46,"column":62}},"28":{"start":{"line":47,"column":8},"end":{"line":50,"column":53}},"29":{"start":{"line":48,"column":8},"end":{"line":48,"column":27}},"30":{"start":{"line":50,"column":8},"end":{"line":50,"column":53}},"31":{"start":{"line":54,"column":8},"end":{"line":54,"column":67}},"32":{"start":{"line":58,"column":0},"end":{"line":58,"column":23}}},"fnMap":{"0":{"name":"(anonymous_0)","decl":{"start":{"line":5,"column":35},"end":{"line":5,"column":36}},"loc":{"start":{"line":5,"column":52},"end":{"line":16,"column":1}},"line":5},"1":{"name":"(anonymous_1)","decl":{"start":{"line":19,"column":36},"end":{"line":19,"column":37}},"loc":{"start":{"line":19,"column":53},"end":{"line":29,"column":1}},"line":19},"2":{"name":"(anonymous_2)","decl":{"start":{"line":32,"column":34},"end":{"line":32,"column":35}},"loc":{"start":{"line":32,"column":50},"end":{"line":56,"column":1}},"line":32}},"branchMap":{"0":{"loc":{"start":{"line":9,"column":8},"end":{"line":12,"column":52}},"type":"if","locations":[{"start":{"line":9,"column":8},"end":{"line":12,"column":52}},{"start":{"line":12,"column":8},"end":{"line":12,"column":52}}],"line":9},"1":{"loc":{"start":{"line":45,"column":8},"end":{"line":51,"column":5}},"type":"if","locations":[{"start":{"line":45,"column":8},"end":{"line":51,"column":5}},{"start":{},"end":{}}],"line":45},"2":{"loc":{"start":{"line":47,"column":8},"end":{"line":50,"column":53}},"type":"if","locations":[{"start":{"line":47,"column":8},"end":{"line":50,"column":53}},{"start":{"line":50,"column":8},"end":{"line":50,"column":53}}],"line":47}},"s":{"0":3,"1":3,"2":3,"3":3,"4":0,"5":0,"6":0,"7":0,"8":0,"9":0,"10":0,"11":3,"12":0,"13":0,"14":0,"15":0,"16":0,"17":0,"18":0,"19":3,"20":1,"21":1,"22":1,"23":1,"24":1,"25":1,"26":1,"27":1,"28":1,"29":1,"30":0,"31":0,"32":3},"f":{"0":0,"1":0,"2":1},"b":{"0":[0,0],"1":[1,0],"2":[1,0]},"_coverageSchema":"1a1c01bbd47fc00a2c39e90264f33305004495a9","hash":"642d0494dbf16ec56846dfad8d2170129d4a75ef"}
}
