TN:
SF:src/server.js
FNF:0
FNH:0
DA:1,3
DA:2,3
DA:3,3
DA:4,3
DA:7,3
DA:8,3
DA:9,3
DA:10,3
DA:11,3
DA:14,3
LF:10
LH:10
BRF:0
BRH:0
end_of_record
TN:
SF:src/middleware/user.js
FN:6,Create
FN:15,findEmail
FN:26,findUserCredential
FN:40,checkUserExist
FN:51,getUserDetails
FN:60,modifyFunds
FN:75,modifyDetails
FNF:7
FNH:6
FNDA:1,Create
FNDA:1,findEmail
FNDA:1,findUserCredential
FNDA:1,checkUserExist
FNDA:5,getUserDetails
FNDA:2,modifyFunds
FNDA:0,modifyDetails
DA:1,3
DA:2,3
DA:3,3
DA:4,3
DA:7,1
DA:8,1
DA:9,1
DA:11,0
DA:16,1
DA:17,1
DA:18,1
DA:19,1
DA:20,1
DA:22,0
DA:27,1
DA:28,1
DA:29,1
DA:30,1
DA:31,1
DA:32,1
DA:34,0
DA:36,0
DA:41,1
DA:42,1
DA:43,1
DA:44,1
DA:46,0
DA:52,5
DA:53,5
DA:54,5
DA:56,0
DA:61,2
DA:62,2
DA:63,2
DA:65,2
DA:66,2
DA:67,2
DA:68,2
DA:71,0
DA:76,0
DA:77,0
DA:86,0
DA:87,0
DA:88,0
DA:91,0
DA:92,0
DA:94,0
DA:95,0
DA:97,0
DA:101,3
LF:50
LH:33
BRDA:19,0,0,0
BRDA:19,0,1,1
BRDA:30,1,0,1
BRDA:30,1,1,0
BRDA:63,2,0,2
BRDA:63,2,1,0
BRDA:65,3,0,0
BRDA:65,3,1,2
BRDA:65,4,0,2
BRDA:65,4,1,0
BRDA:87,5,0,0
BRDA:87,5,1,0
BRDA:91,6,0,0
BRDA:91,6,1,0
BRF:14
BRH:5
end_of_record
TN:
SF:src/middleware/userHolding.js
FN:7,getUserHoldingsRaw
FN:19,getUserHoldingsFormatted
FN:58,checkUserHoldings
FN:75,Create
FN:84,Delete
FN:99,addHoldings
FNF:6
FNH:3
FNDA:0,getUserHoldingsRaw
FNDA:3,getUserHoldingsFormatted
FNDA:0,checkUserHoldings
FNDA:1,Create
FNDA:0,Delete
FNDA:1,addHoldings
DA:1,3
DA:2,3
DA:3,3
DA:4,3
DA:8,0
DA:9,0
DA:14,0
DA:16,0
DA:20,3
DA:21,3
DA:28,3
DA:29,3
DA:30,1
DA:31,1
DA:32,1
DA:33,1
DA:36,1
DA:38,1
DA:39,0
DA:40,0
DA:41,0
DA:45,1
DA:46,1
DA:47,1
DA:48,1
DA:51,3
DA:53,0
DA:59,0
DA:60,0
DA:66,0
DA:68,0
DA:76,1
DA:77,1
DA:78,1
DA:80,0
DA:85,0
DA:86,0
DA:93,0
DA:95,0
DA:101,1
DA:104,1
DA:106,0
DA:108,0
DA:111,0
DA:114,0
DA:115,0
DA:116,0
DA:117,0
DA:119,0
DA:126,0
DA:131,1
DA:132,1
DA:133,1
DA:134,1
DA:135,1
DA:136,1
DA:137,0
DA:139,0
DA:146,3
LF:59
LH:31
BRDA:36,0,0,0
BRDA:36,0,1,1
BRDA:38,1,0,0
BRDA:38,1,1,1
BRDA:104,2,0,0
BRDA:104,2,1,1
BRDA:106,3,0,0
BRDA:106,3,1,0
BRDA:108,4,0,0
BRDA:108,4,1,0
BRDA:114,5,0,0
BRDA:114,5,1,0
BRDA:132,6,0,1
BRDA:132,6,1,0
BRDA:134,7,0,1
BRDA:134,7,1,0
BRF:16
BRH:5
end_of_record
TN:
SF:src/middleware/user_watchlist.js
FN:6,getUserWatchlist
FN:19,checkUserWatchlist
FN:32,deleteWatchlist
FN:47,Create
FNF:4
FNH:2
FNDA:0,getUserWatchlist
FNDA:1,checkUserWatchlist
FNDA:0,deleteWatchlist
FNDA:1,Create
DA:1,3
DA:2,3
DA:3,3
DA:7,0
DA:8,0
DA:13,0
DA:15,0
DA:20,1
DA:21,1
DA:27,1
DA:29,0
DA:33,0
DA:34,0
DA:40,0
DA:42,0
DA:48,1
DA:49,1
DA:50,1
DA:51,1
DA:53,0
DA:57,3
LF:21
LH:11
BRF:0
BRH:0
end_of_record
TN:
SF:src/models/index.js
FN:21,(anonymous_0)
FN:28,(anonymous_1)
FN:33,(anonymous_2)
FNF:3
FNH:3
FNDA:12,(anonymous_0)
FNDA:9,(anonymous_1)
FNDA:9,(anonymous_2)
DA:3,3
DA:4,3
DA:5,3
DA:6,3
DA:7,3
DA:8,3
DA:9,3
DA:10,3
DA:13,3
DA:14,0
DA:16,3
DA:19,3
DA:22,12
DA:29,9
DA:30,9
DA:33,3
DA:34,9
DA:35,9
DA:39,3
DA:40,3
DA:44,3
LF:21
LH:20
BRDA:8,0,0,3
BRDA:8,0,1,0
BRDA:13,1,0,0
BRDA:13,1,1,3
BRDA:23,2,0,12
BRDA:23,2,1,12
BRDA:23,2,2,9
BRDA:34,3,0,9
BRDA:34,3,1,0
BRF:9
BRH:6
end_of_record
TN:
SF:src/models/user.js
FN:31,(anonymous_0)
FN:72,(anonymous_1)
FNF:2
FNH:2
FNDA:3,(anonymous_0)
FNDA:3,(anonymous_1)
DA:2,3
DA:31,3
DA:32,3
DA:72,3
DA:74,3
LF:5
LH:5
BRF:0
BRH:0
end_of_record
TN:
SF:src/models/user_holding.js
FN:4,(anonymous_0)
FN:36,(anonymous_1)
FNF:2
FNH:2
FNDA:3,(anonymous_0)
FNDA:3,(anonymous_1)
DA:2,3
DA:4,3
DA:5,3
DA:36,3
DA:37,3
LF:5
LH:5
BRF:0
BRH:0
end_of_record
TN:
SF:src/models/user_watchlist.js
FN:31,(anonymous_0)
FN:59,(anonymous_1)
FNF:2
FNH:2
FNDA:3,(anonymous_0)
FNDA:3,(anonymous_1)
DA:2,3
DA:31,3
DA:32,3
DA:59,3
DA:61,3
LF:5
LH:5
BRF:0
BRH:0
end_of_record
TN:
SF:src/routes/user.js
FN:8,(anonymous_0)
FN:61,(anonymous_1)
FN:84,(anonymous_2)
FN:99,(anonymous_3)
FN:120,(anonymous_4)
FNF:5
FNH:4
FNDA:1,(anonymous_0)
FNDA:1,(anonymous_1)
FNDA:1,(anonymous_2)
FNDA:1,(anonymous_3)
FNDA:0,(anonymous_4)
DA:1,3
DA:2,3
DA:3,3
DA:4,3
DA:5,3
DA:8,3
DA:9,1
DA:10,1
DA:11,1
DA:18,1
DA:22,1
DA:23,1
DA:24,1
DA:25,1
DA:26,1
DA:27,1
DA:28,1
DA:35,1
DA:42,1
DA:43,1
DA:45,1
DA:46,1
DA:47,1
DA:49,0
DA:50,0
DA:51,0
DA:52,0
DA:55,0
DA:56,0
DA:61,3
DA:62,1
DA:63,1
DA:64,1
DA:68,1
DA:69,1
DA:76,0
DA:78,0
DA:79,0
DA:84,3
DA:85,1
DA:86,1
DA:87,1
DA:88,1
DA:89,1
DA:91,0
DA:94,0
DA:95,0
DA:99,3
DA:100,1
DA:101,1
DA:102,1
DA:103,1
DA:104,1
DA:105,1
DA:106,1
DA:108,0
DA:112,0
DA:115,0
DA:116,0
DA:120,3
DA:121,0
DA:122,0
DA:123,0
DA:124,0
DA:125,0
DA:127,0
DA:128,0
DA:130,0
DA:133,0
DA:137,3
LF:70
LH:45
BRDA:23,0,0,1
BRDA:23,0,1,0
BRDA:23,1,0,1
BRDA:23,1,1,1
BRDA:43,2,0,1
BRDA:43,2,1,0
BRDA:47,3,0,1
BRDA:47,3,1,0
BRDA:49,4,0,0
BRDA:49,4,1,0
BRDA:49,5,0,0
BRDA:49,5,1,0
BRDA:51,6,0,0
BRDA:51,6,1,0
BRDA:68,7,0,1
BRDA:68,7,1,0
BRDA:88,8,0,1
BRDA:88,8,1,0
BRDA:104,9,0,1
BRDA:104,9,1,0
BRDA:106,10,0,1
BRDA:106,10,1,0
BRDA:125,11,0,0
BRDA:125,11,1,0
BRF:24
BRH:9
end_of_record
TN:
SF:src/routes/userHolding.js
FN:7,(anonymous_0)
FN:36,(anonymous_1)
FN:52,(anonymous_2)
FN:68,(anonymous_3)
FNF:4
FNH:2
FNDA:1,(anonymous_0)
FNDA:0,(anonymous_1)
FNDA:2,(anonymous_2)
FNDA:0,(anonymous_3)
DA:1,3
DA:2,3
DA:3,3
DA:4,3
DA:7,3
DA:8,1
DA:9,1
DA:10,1
DA:11,1
DA:18,1
DA:19,1
DA:20,1
DA:26,1
DA:28,0
DA:31,0
DA:36,3
DA:37,0
DA:38,0
DA:39,0
DA:41,0
DA:42,0
DA:43,0
DA:44,0
DA:45,0
DA:47,0
DA:52,3
DA:53,2
DA:54,2
DA:55,2
DA:57,2
DA:58,2
DA:59,2
DA:60,0
DA:61,0
DA:63,0
DA:68,3
DA:69,0
DA:70,0
DA:71,0
DA:72,0
DA:74,0
DA:78,3
LF:42
LH:23
BRDA:19,0,0,1
BRDA:19,0,1,0
BRDA:41,1,0,0
BRDA:41,1,1,0
BRDA:43,2,0,0
BRDA:43,2,1,0
BRDA:57,3,0,2
BRDA:57,3,1,0
BRDA:59,4,0,2
BRDA:59,4,1,0
BRF:10
BRH:3
end_of_record
TN:
SF:src/routes/userWatchlist.js
FN:5,(anonymous_0)
FN:19,(anonymous_1)
FN:32,(anonymous_2)
FNF:3
FNH:1
FNDA:0,(anonymous_0)
FNDA:0,(anonymous_1)
FNDA:1,(anonymous_2)
DA:1,3
DA:2,3
DA:3,3
DA:5,3
DA:6,0
DA:7,0
DA:8,0
DA:9,0
DA:10,0
DA:12,0
DA:14,0
DA:19,3
DA:20,0
DA:21,0
DA:22,0
DA:23,0
DA:24,0
DA:25,0
DA:27,0
DA:32,3
DA:33,1
DA:34,1
DA:36,1
DA:38,1
DA:43,1
DA:44,1
DA:45,1
DA:46,1
DA:47,1
DA:48,1
DA:50,0
DA:54,0
DA:58,3
LF:33
LH:17
BRDA:9,0,0,0
BRDA:9,0,1,0
BRDA:45,1,0,1
BRDA:45,1,1,0
BRDA:47,2,0,1
BRDA:47,2,1,0
BRF:6
BRH:2
end_of_record
